This is pdfTeX, Version 3.1415926-2.3-1.40.12 (MiKTeX 2.9) (preloaded format=pdflatex 2012.9.4)  13 SEP 2012 11:47
entering extended mode
**E:/SCA*2012/SCA*2012*Paper*Submission/Paper*Draft/egPublStyle-SCA2012/egPublS
tyle-SCA2012/EGauthorGuidelines-sca2012-fin.tex

("E:/SCA 2012/SCA 2012 Paper Submission/Paper Draft/egPublStyle-SCA2012/egPublS
tyle-SCA2012/EGauthorGuidelines-sca2012-fin.tex"
LaTeX2e <2011/06/27>
Babel <v3.8m> and hyphenation patterns for english, afrikaans, ancientgreek, ar
abic, armenian, assamese, basque, bengali, bokmal, bulgarian, catalan, coptic, 
croatian, czech, danish, dutch, esperanto, estonian, farsi, finnish, french, ga
lician, german, german-x-2009-06-19, greek, gujarati, hindi, hungarian, iceland
ic, indonesian, interlingua, irish, italian, kannada, kurmanji, lao, latin, lat
vian, lithuanian, malayalam, marathi, mongolian, mongolianlmc, monogreek, ngerm
an, ngerman-x-2009-06-19, nynorsk, oriya, panjabi, pinyin, polish, portuguese, 
romanian, russian, sanskrit, serbian, slovak, slovenian, spanish, swedish, swis
sgerman, tamil, telugu, turkish, turkmen, ukenglish, ukrainian, uppersorbian, u
senglishmax, welsh, loaded.

("E:\SCA 2012\SCA 2012 Paper Submission\Paper Draft\egPublStyle-SCA2012\egPublS
tyle-SCA2012\egpubl.cls"
Document Class: egpubl 2011/05/04 Document Style for EG Publications v3.53
\c@table=\count79
\c@figure=\count80
\c@part=\count81
\c@section=\count82
\c@subsection=\count83
\c@subsubsection=\count84
\c@paragraph=\count85
\c@subparagraph=\count86
\titlespace=\skip41
\teaserspace=\skip42
\c@p@volume=\count87
\bibhang=\skip43
\every@verbatim=\toks14
\verbatim@line=\toks15
("D:\soft\MiKTeX 2.9\tex\generic\oberdiek\ifpdf.sty"
Package: ifpdf 2011/01/30 v2.3 Provides the ifpdf switch (HO)
Package ifpdf Info: pdfTeX in PDF mode is detected.
)
("E:\SCA 2012\SCA 2012 Paper Submission\Paper Draft\egPublStyle-SCA2012\egPublS
tyle-SCA2012\EGauthorGuidelines-sca2012-fin.lbl"))
("E:\SCA 2012\SCA 2012 Paper Submission\Paper Draft\egPublStyle-SCA2012\egPublS
tyle-SCA2012\sca2012.sty") ("D:\soft\MiKTeX 2.9\tex\latex\graphics\graphicx.sty
"
Package: graphicx 1999/02/16 v1.0f Enhanced LaTeX Graphics (DPC,SPQR)
 ("D:\soft\MiKTeX 2.9\tex\latex\graphics\keyval.sty"
Package: keyval 1999/03/16 v1.13 key=value parser (DPC)
\KV@toks@=\toks16
)
("D:\soft\MiKTeX 2.9\tex\latex\graphics\graphics.sty"
Package: graphics 2009/02/05 v1.0o Standard LaTeX Graphics (DPC,SPQR)

("D:\soft\MiKTeX 2.9\tex\latex\graphics\trig.sty"
Package: trig 1999/03/16 v1.09 sin cos tan (DPC)
)
("D:\soft\MiKTeX 2.9\tex\latex\00miktex\graphics.cfg"
File: graphics.cfg 2007/01/18 v1.5 graphics configuration of teTeX/TeXLive
)
Package graphics Info: Driver file: pdftex.def on input line 91.

("D:\soft\MiKTeX 2.9\tex\latex\pdftex-def\pdftex.def"
File: pdftex.def 2011/05/27 v0.06d Graphics/color for pdfTeX

("D:\soft\MiKTeX 2.9\tex\generic\oberdiek\infwarerr.sty"
Package: infwarerr 2010/04/08 v1.3 Providing info/warning/error messages (HO)
)
("D:\soft\MiKTeX 2.9\tex\generic\oberdiek\ltxcmds.sty"
Package: ltxcmds 2011/11/09 v1.22 LaTeX kernel commands for general use (HO)
)
\Gread@gobject=\count88
))
\Gin@req@height=\dimen102
\Gin@req@width=\dimen103
)
("D:\soft\MiKTeX 2.9\tex\latex\hyperref\hyperref.sty"
Package: hyperref 2012/05/13 v6.82q Hypertext links for LaTeX

("D:\soft\MiKTeX 2.9\tex\generic\oberdiek\hobsub-hyperref.sty"
Package: hobsub-hyperref 2012/04/25 v1.12 Bundle oberdiek, subset hyperref (HO)


("D:\soft\MiKTeX 2.9\tex\generic\oberdiek\hobsub-generic.sty"
Package: hobsub-generic 2012/04/25 v1.12 Bundle oberdiek, subset generic (HO)
Package: hobsub 2012/04/25 v1.12 Construct package bundles (HO)
Package hobsub Info: Skipping package `infwarerr' (already loaded).
Package hobsub Info: Skipping package `ltxcmds' (already loaded).
Package: ifluatex 2010/03/01 v1.3 Provides the ifluatex switch (HO)
Package ifluatex Info: LuaTeX not detected.
Package: ifvtex 2010/03/01 v1.5 Detect VTeX and its facilities (HO)
Package ifvtex Info: VTeX not detected.
Package: intcalc 2007/09/27 v1.1 Expandable calculations with integers (HO)
Package hobsub Info: Skipping package `ifpdf' (already loaded).
Package: etexcmds 2011/02/16 v1.5 Avoid name clashes with e-TeX commands (HO)
Package etexcmds Info: Could not find \expanded.
(etexcmds)             That can mean that you are not using pdfTeX 1.50 or
(etexcmds)             that some package has redefined \expanded.
(etexcmds)             In the latter case, load this package earlier.
Package: kvsetkeys 2012/04/25 v1.16 Key value parser (HO)
Package: kvdefinekeys 2011/04/07 v1.3 Define keys (HO)
Package: pdftexcmds 2011/11/29 v0.20 Utility functions of pdfTeX for LuaTeX (HO
)
Package pdftexcmds Info: LuaTeX not detected.
Package pdftexcmds Info: \pdf@primitive is available.
Package pdftexcmds Info: \pdf@ifprimitive is available.
Package pdftexcmds Info: \pdfdraftmode found.
Package: pdfescape 2011/11/25 v1.13 Implements pdfTeX's escape features (HO)
Package: bigintcalc 2012/04/08 v1.3 Expandable calculations on big integers (HO
)
Package: bitset 2011/01/30 v1.1 Handle bit-vector datatype (HO)
Package: uniquecounter 2011/01/30 v1.2 Provide unlimited unique counter (HO)
)
Package hobsub Info: Skipping package `hobsub' (already loaded).
Package: letltxmacro 2010/09/02 v1.4 Let assignment for LaTeX macros (HO)
Package: hopatch 2011/06/24 v1.1 Wrapper for package hooks (HO)
Package: xcolor-patch 2011/01/30 xcolor patch
Package: atveryend 2011/06/30 v1.8 Hooks at the very end of document (HO)
Package atveryend Info: \enddocument detected (standard20110627).
Package: atbegshi 2011/10/05 v1.16 At begin shipout hook (HO)
Package: refcount 2011/10/16 v3.4 Data extraction from label references (HO)
Package: hycolor 2011/01/30 v1.7 Color options for hyperref/bookmark (HO)
)
("D:\soft\MiKTeX 2.9\tex\generic\ifxetex\ifxetex.sty"
Package: ifxetex 2010/09/12 v0.6 Provides ifxetex conditional
)
("D:\soft\MiKTeX 2.9\tex\latex\oberdiek\kvoptions.sty"
Package: kvoptions 2011/06/30 v3.11 Key value format for package options (HO)
)
\@linkdim=\dimen104
\Hy@linkcounter=\count89
\Hy@pagecounter=\count90

("D:\soft\MiKTeX 2.9\tex\latex\hyperref\pd1enc.def"
File: pd1enc.def 2012/05/13 v6.82q Hyperref: PDFDocEncoding definition (HO)
)
\Hy@SavedSpaceFactor=\count91

("D:\soft\MiKTeX 2.9\tex\latex\00miktex\hyperref.cfg"
File: hyperref.cfg 2002/06/06 v1.2 hyperref configuration of TeXLive
)
Package hyperref Info: Option `colorlinks' set `true' on input line 3941.
Package hyperref Info: Option `bookmarks' set `false' on input line 3941.
Package hyperref Info: Hyper figures OFF on input line 4062.
Package hyperref Info: Link nesting OFF on input line 4067.
Package hyperref Info: Hyper index ON on input line 4070.
Package hyperref Info: Plain pages OFF on input line 4077.
Package hyperref Info: Backreferencing ON on input line 4080.
Package hyperref Info: Implicit mode ON; LaTeX internals redefined.
Package hyperref Info: Bookmarks OFF on input line 4306.

("D:\soft\MiKTeX 2.9\tex\latex\hyperref\backref.sty"
Package: backref 2010/08/30 v1.36 Bibliographical back referencing

("D:\soft\MiKTeX 2.9\tex\latex\oberdiek\rerunfilecheck.sty"
Package: rerunfilecheck 2011/04/15 v1.7 Rerun checks for auxiliary files (HO)
Package uniquecounter Info: New unique counter `rerunfilecheck' on input line 2
82.
))
\c@Hy@tempcnt=\count92

("D:\soft\MiKTeX 2.9\tex\latex\ltxmisc\url.sty"
\Urlmuskip=\muskip10
Package: url 2006/04/12  ver 3.3  Verb mode for urls, etc.
)
LaTeX Info: Redefining \url on input line 4653.
\Fld@menulength=\count93
\Field@Width=\dimen105
\Fld@charsize=\dimen106
Package hyperref Info: Hyper figures OFF on input line 5773.
Package hyperref Info: Link nesting OFF on input line 5778.
Package hyperref Info: Hyper index ON on input line 5781.
Package hyperref Info: backreferencing ON on input line 5786.
Package hyperref Info: Link coloring ON on input line 5791.
Package hyperref Info: Link coloring with OCG OFF on input line 5798.
Package hyperref Info: PDF/A mode OFF on input line 5803.
LaTeX Info: Redefining \ref on input line 5843.
LaTeX Info: Redefining \pageref on input line 5847.
\Hy@abspage=\count94
\c@Item=\count95
\c@Hfootnote=\count96
)

Package hyperref Message: Driver: hpdftex.

("D:\soft\MiKTeX 2.9\tex\latex\hyperref\hpdftex.def"
File: hpdftex.def 2012/05/13 v6.82q Hyperref driver for pdfTeX
\Fld@listcount=\count97
\c@bookmark@seq@number=\count98
\Hy@SectionHShift=\skip44
)
("D:\soft\MiKTeX 2.9\tex\latex\base\t1enc.sty"
Package: t1enc 1994/06/01 Standard LaTeX package
)
("E:\SCA 2012\SCA 2012 Paper Submission\Paper Draft\egPublStyle-SCA2012\egPublS
tyle-SCA2012\dfadobe.sty"
Package: dfadobe 2000/03/05 v1.4 T1-encoded Times (except symbols), Courier, He
lvetica (at 90\%) + math package
LaTeX Font Info:    Redeclaring symbol font `operators' on input line 14.
LaTeX Font Info:    Overwriting symbol font `operators' in version `normal'
(Font)                  OT1/cmr/m/n --> OT1/ptmcm/m/n on input line 14.
LaTeX Font Info:    Overwriting symbol font `operators' in version `bold'
(Font)                  OT1/cmr/bx/n --> OT1/ptmcm/m/n on input line 14.
LaTeX Font Info:    Redeclaring symbol font `letters' on input line 15.
LaTeX Font Info:    Overwriting symbol font `letters' in version `normal'
(Font)                  OML/cmm/m/it --> OML/ptmcm/m/it on input line 15.
LaTeX Font Info:    Overwriting symbol font `letters' in version `bold'
(Font)                  OML/cmm/b/it --> OML/ptmcm/m/it on input line 15.
LaTeX Font Info:    Redeclaring symbol font `largesymbols' on input line 16.
LaTeX Font Info:    Overwriting symbol font `largesymbols' in version `normal'
(Font)                  OMX/cmex/m/n --> OMX/psycm/m/n on input line 16.
LaTeX Font Info:    Overwriting symbol font `largesymbols' in version `bold'
(Font)                  OMX/cmex/m/n --> OMX/psycm/m/n on input line 16.
\symbold=\mathgroup4
\symitalic=\mathgroup5
LaTeX Font Info:    Redeclaring math alphabet \mathbf on input line 19.
LaTeX Font Info:    Overwriting math alphabet `\mathbf' in version `normal'
(Font)                  OT1/cmr/bx/n --> OT1/ptm/bx/n on input line 19.
LaTeX Font Info:    Overwriting math alphabet `\mathbf' in version `bold'
(Font)                  OT1/cmr/bx/n --> OT1/ptm/bx/n on input line 19.
LaTeX Font Info:    Redeclaring math alphabet \mathit on input line 20.
LaTeX Font Info:    Overwriting math alphabet `\mathit' in version `normal'
(Font)                  OT1/cmr/m/it --> OT1/ptm/m/it on input line 20.
LaTeX Font Info:    Overwriting math alphabet `\mathit' in version `bold'
(Font)                  OT1/cmr/bx/it --> OT1/ptm/m/it on input line 20.

("E:\SCA 2012\SCA 2012 Paper Submission\Paper Draft\egPublStyle-SCA2012\egPublS
tyle-SCA2012\dfT1ptm.fd"
File: dfT1ptm.fd 2000/03/05 DF - Fontinst v1.6 font definitions for T1/ptm.
)
("E:\SCA 2012\SCA 2012 Paper Submission\Paper Draft\egPublStyle-SCA2012\egPublS
tyle-SCA2012\dfT1phv.fd"
File: dfT1phv.fd 1997/12/02 Fontinst v1.6 font definitions for T1/phv scaled to
 90\%.
)
("E:\SCA 2012\SCA 2012 Paper Submission\Paper Draft\egPublStyle-SCA2012\egPublS
tyle-SCA2012\dfT1pcr.fd"
File: dfT1pcr.fd 2000/03/05 DF - Fontinst v1.6 font definitions for T1/pcr.
))
("E:\SCA 2012\SCA 2012 Paper Submission\Paper Draft\egPublStyle-SCA2012\egPublS
tyle-SCA2012\egweblnk.sty"
Package: egweblnk 2004/10/29 v2.2 DF's support for http web links in class egpu
bl
) ("D:\soft\MiKTeX 2.9\tex\latex\cite\cite.sty"
LaTeX Info: Redefining \cite on input line 302.
LaTeX Info: Redefining \nocite on input line 373.
Package: cite 2010/09/10  v 5.3
)
("D:\soft\MiKTeX 2.9\tex\latex\algorithms\algorithm.sty"
Package: algorithm 2009/08/24 v0.1 Document Style `algorithm' - floating enviro
nment

("D:\soft\MiKTeX 2.9\tex\latex\float\float.sty"
Package: float 2001/11/08 v1.3d Float enhancements (AL)
\c@float@type=\count99
\float@exts=\toks17
\float@box=\box26
\@float@everytoks=\toks18
\@floatcapt=\box27
)
("D:\soft\MiKTeX 2.9\tex\latex\base\ifthen.sty"
Package: ifthen 2001/05/26 v1.1c Standard LaTeX ifthen package (DPC)
)
\@float@every@algorithm=\toks19
\c@algorithm=\count100
)
("D:\soft\MiKTeX 2.9\tex\latex\algorithms\algorithmic.sty"
Package: algorithmic 2009/08/24 v0.1 Document Style `algorithmic'
\c@ALC@unique=\count101
\c@ALC@line=\count102
\c@ALC@rem=\count103
\c@ALC@depth=\count104
\ALC@tlm=\skip45
\algorithmicindent=\skip46
)
("D:\soft\MiKTeX 2.9\tex\latex\multirow\multirow.sty"
\bigstrutjot=\dimen107
)
("D:\soft\MiKTeX 2.9\tex\latex\ams\math\amsmath.sty"
Package: amsmath 2000/07/18 v2.13 AMS math features
\@mathmargin=\skip47

For additional information on amsmath, use the `?' option.
("D:\soft\MiKTeX 2.9\tex\latex\ams\math\amstext.sty"
Package: amstext 2000/06/29 v2.01

("D:\soft\MiKTeX 2.9\tex\latex\ams\math\amsgen.sty"
File: amsgen.sty 1999/11/30 v2.0
\@emptytoks=\toks20
\ex@=\dimen108
))
("D:\soft\MiKTeX 2.9\tex\latex\ams\math\amsbsy.sty"
Package: amsbsy 1999/11/29 v1.2d
\pmbraise@=\dimen109
)
("D:\soft\MiKTeX 2.9\tex\latex\ams\math\amsopn.sty"
Package: amsopn 1999/12/14 v2.01 operator names
)
\inf@bad=\count105
LaTeX Info: Redefining \frac on input line 211.
\uproot@=\count106
\leftroot@=\count107
LaTeX Info: Redefining \overline on input line 307.
\classnum@=\count108
\DOTSCASE@=\count109
LaTeX Info: Redefining \ldots on input line 379.
LaTeX Info: Redefining \dots on input line 382.
LaTeX Info: Redefining \cdots on input line 467.
\Mathstrutbox@=\box28
\strutbox@=\box29
\big@size=\dimen110
LaTeX Font Info:    Redeclaring font encoding OML on input line 567.
LaTeX Font Info:    Redeclaring font encoding OMS on input line 568.
\macc@depth=\count110
\c@MaxMatrixCols=\count111
\dotsspace@=\muskip11
\c@parentequation=\count112
\dspbrk@lvl=\count113
\tag@help=\toks21
\row@=\count114
\column@=\count115
\maxfields@=\count116
\andhelp@=\toks22
\eqnshift@=\dimen111
\alignsep@=\dimen112
\tagshift@=\dimen113
\tagwidth@=\dimen114
\totwidth@=\dimen115
\lineht@=\dimen116
\@envbody=\toks23
\multlinegap=\skip48
\multlinetaggap=\skip49
\mathdisplay@stack=\toks24
LaTeX Info: Redefining \[ on input line 2666.
LaTeX Info: Redefining \] on input line 2667.
)
("E:\SCA 2012\SCA 2012 Paper Submission\Paper Draft\egPublStyle-SCA2012\egPublS
tyle-SCA2012\EGauthorGuidelines-body.inc"
("E:\SCA 2012\SCA 2012 Paper Submission\Paper Draft\egPublStyle-SCA2012\egPublS
tyle-SCA2012\EGauthorGuidelines-sca2012-fin.aux"

LaTeX Warning: Label `fig:firstExample' multiply defined.


LaTeX Warning: Label `fig:firstExample' multiply defined.

)
LaTeX Font Info:    Checking defaults for OML/cmm/m/it on input line 32.
LaTeX Font Info:    ... okay on input line 32.
LaTeX Font Info:    Checking defaults for T1/cmr/m/n on input line 32.
LaTeX Font Info:    ... okay on input line 32.
LaTeX Font Info:    Checking defaults for OT1/cmr/m/n on input line 32.
LaTeX Font Info:    ... okay on input line 32.
LaTeX Font Info:    Checking defaults for OMS/cmsy/m/n on input line 32.
LaTeX Font Info:    ... okay on input line 32.
LaTeX Font Info:    Checking defaults for OMX/cmex/m/n on input line 32.
LaTeX Font Info:    ... okay on input line 32.
LaTeX Font Info:    Checking defaults for U/cmr/m/n on input line 32.
LaTeX Font Info:    ... okay on input line 32.
LaTeX Font Info:    Checking defaults for PD1/pdf/m/n on input line 32.
LaTeX Font Info:    ... okay on input line 32.
 ("D:\soft\MiKTeX 2.9\tex\context\base\supp-pdf.mkii"
[Loading MPS to PDF converter (version 2006.09.02).]
\scratchcounter=\count117
\scratchdimen=\dimen117
\scratchbox=\box30
\nofMPsegments=\count118
\nofMParguments=\count119
\everyMPshowfont=\toks25
\MPscratchCnt=\count120
\MPscratchDim=\dimen118
\MPnumerator=\count121
\makeMPintoPDFobject=\count122
\everyMPtoPDFconversion=\toks26
)
\AtBeginShipoutBox=\box31


Package hyperref Warning: Height of page (\paperheight) is invalid (0.0pt),
(hyperref)                using 11in.

("D:\soft\MiKTeX 2.9\tex\latex\graphics\color.sty"
Package: color 2005/11/14 v1.0j Standard LaTeX Color (DPC)

("D:\soft\MiKTeX 2.9\tex\latex\00miktex\color.cfg"
File: color.cfg 2007/01/18 v1.5 color configuration of teTeX/TeXLive
)
Package color Info: Driver file: pdftex.def on input line 130.
)
Package hyperref Info: Link coloring ON on input line 32.

("D:\soft\MiKTeX 2.9\tex\latex\hyperref\nameref.sty"
Package: nameref 2010/04/30 v2.40 Cross-referencing by name of section

("D:\soft\MiKTeX 2.9\tex\generic\oberdiek\gettitlestring.sty"
Package: gettitlestring 2010/12/03 v1.4 Cleanup title references (HO)
)
\c@section@level=\count123
)
LaTeX Info: Redefining \ref on input line 32.
LaTeX Info: Redefining \pageref on input line 32.
LaTeX Info: Redefining \nameref on input line 32.
LaTeX Font Info:    Font shape `T1/ptm/bx/n' in size <17.28> not available
(Font)              Font shape `T1/ptm/b/n' tried instead on input line 44.
LaTeX Font Info:    Try loading font information for OT1+ptmcm on input line 44
.

("D:\soft\MiKTeX 2.9\tex\latex\psnfss\ot1ptmcm.fd"
File: ot1ptmcm.fd 2000/01/03 Fontinst v1.801 font definitions for OT1/ptmcm.
)
LaTeX Font Info:    Try loading font information for OML+ptmcm on input line 44
.

("D:\soft\MiKTeX 2.9\tex\latex\psnfss\omlptmcm.fd"
File: omlptmcm.fd 2000/01/03 Fontinst v1.801 font definitions for OML/ptmcm.
)
LaTeX Font Info:    Try loading font information for OMX+psycm on input line 44
.

("D:\soft\MiKTeX 2.9\tex\latex\psnfss\omxpsycm.fd"
File: omxpsycm.fd 2000/01/03 Fontinst v1.801 font definitions for OMX/psycm.
)
LaTeX Font Info:    Try loading font information for OT1+ptm on input line 44.

("D:\soft\MiKTeX 2.9\tex\latex\psnfss\ot1ptm.fd"
File: ot1ptm.fd 2001/06/04 font definitions for OT1/ptm.
)
<figure1-a.jpg, id=3, 1003.75pt x 602.25pt>
File: figure1-a.jpg Graphic file (type jpg)
 <use figure1-a.jpg>
Package pdftex.def Info: figure1-a.jpg used on input line 44.
(pdftex.def)             Requested size: 136.80139pt x 82.08134pt.

<figure1-b.jpg, id=4, 1003.75pt x 602.25pt>
File: figure1-b.jpg Graphic file (type jpg)
 <use figure1-b.jpg>
Package pdftex.def Info: figure1-b.jpg used on input line 44.
(pdftex.def)             Requested size: 136.80139pt x 82.08134pt.

<figure1-c.jpg, id=5, 1003.75pt x 602.25pt>
File: figure1-c.jpg Graphic file (type jpg)
 <use figure1-c.jpg>
Package pdftex.def Info: figure1-c.jpg used on input line 44.
(pdftex.def)             Requested size: 136.80139pt x 82.08134pt.
LaTeX Font Info:    Font shape `T1/ptm/bx/n' in size <9> not available
(Font)              Font shape `T1/ptm/b/n' tried instead on input line 44.

Underfull \hbox (badness 10000) in paragraph at lines 45--46

 []


Underfull \vbox (badness 10000) has occurred while \output is active []


Underfull \vbox (badness 10000) has occurred while \output is active []

LaTeX Font Info:    Try loading font information for OMS+ptm on input line 123.


("D:\soft\MiKTeX 2.9\tex\latex\psnfss\omsptm.fd"
File: omsptm.fd 
)
LaTeX Font Info:    Font shape `OMS/ptm/m/n' in size <6> not available
(Font)              Font shape `OMS/cmsy/m/n' tried instead on input line 123.
 [1{C:/ProgramData/MiKTeX/2.9/pdftex/config/pdftex.map}pdfTeX warning (ext4): d
estination with the same identifier (name{figure.1}) has been already used, dup
licate ignored

\AtBegShi@Output ...ipout \box \AtBeginShipoutBox 
                                                  \fi \fi 
l.123 
      


 <E:/SCA 2012/SCA 2012 Paper Submission/Paper Draft/egPublStyle-SCA2012/egPublS
tyle-SCA2012/figure1-a.jpg> <E:/SCA 2012/SCA 2012 Paper Submission/Paper Draft/
egPublStyle-SCA2012/egPublStyle-SCA2012/figure1-b.jpg> <E:/SCA 2012/SCA 2012 Pa
per Submission/Paper Draft/egPublStyle-SCA2012/egPublStyle-SCA2012/figure1-c.jp
g>]
Underfull \vbox (badness 10000) has occurred while \output is active []

 [2]
Underfull \vbox (badness 1237) has occurred while \output is active []

 [3]
<figure2.jpg, id=99, 1003.75pt x 620.3175pt>
File: figure2.jpg Graphic file (type jpg)
 <use figure2.jpg>
Package pdftex.def Info: figure2.jpg used on input line 305.
(pdftex.def)             Requested size: 172.80066pt x 106.78719pt.

<figure3.jpg, id=102, 602.25pt x 602.25pt>
File: figure3.jpg Graphic file (type jpg)
 <use figure3.jpg>
Package pdftex.def Info: figure3.jpg used on input line 319.
(pdftex.def)             Requested size: 108.0pt x 107.99597pt.

<figure4.jpg, id=103, 1003.75pt x 602.25pt>
File: figure4.jpg Graphic file (type jpg)
 <use figure4.jpg>
Package pdftex.def Info: figure4.jpg used on input line 330.
(pdftex.def)             Requested size: 194.39868pt x 116.63419pt.
 [4pdfTeX warning (ext4): destination with the same identifier (name{figure.2})
 has been already used, duplicate ignored

\AtBegShi@Output ...ipout \box \AtBeginShipoutBox 
                                                  \fi \fi 
l.342 
      pdfTeX warning (ext4): destination with the same identifier (name{figure.
3}) has been already used, duplicate ignored

\AtBegShi@Output ...ipout \box \AtBeginShipoutBox 
                                                  \fi \fi 
l.342 
      pdfTeX warning (ext4): destination with the same identifier (name{figure.
4}) has been already used, duplicate ignored

\AtBegShi@Output ...ipout \box \AtBeginShipoutBox 
                                                  \fi \fi 
l.342 
       <E:/SCA 2012/SCA 2012 Paper Submission/Paper Draft/egPublStyle-SCA2012/e
gPublStyle-SCA2012/figure2.jpg> <E:/SCA 2012/SCA 2012 Paper Submission/Paper Dr
aft/egPublStyle-SCA2012/egPublStyle-SCA2012/figure3.jpg> <E:/SCA 2012/SCA 2012 
Paper Submission/Paper Draft/egPublStyle-SCA2012/egPublStyle-SCA2012/figure4.jp
g>]
Overfull \hbox (13.85927pt too wide) detected at line 381
\OML/ptmcm/m/it/9 F[] \OT1/ptmcm/m/n/9 = \OMS/cmsy/m/n/9   [] \OML/ptmcm/m/it/9
 m[]m[]\OT1/ptmcm/m/n/9 ([] + [])([])(16)\OML/ptmcm/m/it/9 ;
 []


Overfull \hbox (1.16528pt too wide) detected at line 383
\OML/ptmcm/m/it/9 F[] \OT1/ptmcm/m/n/9 = \OML/ptmcm/m/it/9  [] V[]V[]\OT1/ptmc
m/m/n/9 (\OML/ptmcm/m/it/9 v[] \OMS/cmsy/m/n/9   \OML/ptmcm/m/it/9 v[]\OT1/ptmc
m/m/n/9 )[](17)\OML/ptmcm/m/it/9 ;
 []

Package hyperref Info: bookmark level for unknown algorithm defaults to 0 on in
put line 423.
[5]
Underfull \hbox (badness 10000) in paragraph at lines 506--529

 []


("E:\SCA 2012\SCA 2012 Paper Submission\Paper Draft\egPublStyle-SCA2012\egPublS
tyle-SCA2012\EGauthorGuidelines-sca2012-fin.bbl"
("E:\SCA 2012\SCA 2012 Paper Submission\Paper Draft\egPublStyle-SCA2012\egPublS
tyle-SCA2012\EGauthorGuidelines-sca2012-fin.brf")
\tf@brf=\write3
 [6]
Underfull \hbox (badness 4954) in paragraph at lines 70--70
[]\T1/ptm/m/sc/8 Harada T., Koshizuka S., Kawaguchi Y.\T1/ptm/m/n/8 :
 []


Underfull \hbox (badness 3942) in paragraph at lines 107--107
[]\T1/ptm/m/sc/8 Müller M., So-len-thaler B., Keiser R.,
 []


Underfull \hbox (badness 1609) in paragraph at lines 114--114
[]\T1/ptm/m/sc/8 Pfaff T., Thuerey N., Co-hen J., Tariq S.,
 []


Underfull \hbox (badness 1688) in paragraph at lines 137--137
\T1/ptm/m/n/8 Pub-lish-ing Co., pp. 121--128.  [][]$\T1/pcr/m/n/8 doi : 10 . 11
45 / 311535 .
 []

) [7] <figure5-a.jpg, id=220, 1003.75pt x 602.25pt>
File: figure5-a.jpg Graphic file (type jpg)
 <use figure5-a.jpg>
Package pdftex.def Info: figure5-a.jpg used on input line 544.
(pdftex.def)             Requested size: 182.39722pt x 109.43874pt.

<figure5-c.jpg, id=221, 1003.75pt x 602.25pt>
File: figure5-c.jpg Graphic file (type jpg)
 <use figure5-c.jpg>
Package pdftex.def Info: figure5-c.jpg used on input line 545.
(pdftex.def)             Requested size: 182.39722pt x 109.43874pt.

<figure5-b.jpg, id=222, 1003.75pt x 602.25pt>
File: figure5-b.jpg Graphic file (type jpg)
 <use figure5-b.jpg>
Package pdftex.def Info: figure5-b.jpg used on input line 549.
(pdftex.def)             Requested size: 182.39722pt x 109.43874pt.

<figure5-d.jpg, id=223, 1003.75pt x 602.25pt>
File: figure5-d.jpg Graphic file (type jpg)
 <use figure5-d.jpg>
Package pdftex.def Info: figure5-d.jpg used on input line 550.
(pdftex.def)             Requested size: 182.39722pt x 109.43874pt.

<figure6-a.jpg, id=225, 1003.75pt x 602.25pt>
File: figure6-a.jpg Graphic file (type jpg)
 <use figure6-a.jpg>
Package pdftex.def Info: figure6-a.jpg used on input line 556.
(pdftex.def)             Requested size: 182.39722pt x 109.43874pt.

<figure6-c.jpg, id=226, 1003.75pt x 602.25pt>
File: figure6-c.jpg Graphic file (type jpg)
 <use figure6-c.jpg>
Package pdftex.def Info: figure6-c.jpg used on input line 557.
(pdftex.def)             Requested size: 182.39722pt x 109.43874pt.

<figure6-b.jpg, id=227, 1003.75pt x 602.25pt>
File: figure6-b.jpg Graphic file (type jpg)
 <use figure6-b.jpg>
Package pdftex.def Info: figure6-b.jpg used on input line 561.
(pdftex.def)             Requested size: 182.39722pt x 109.43874pt.

<figure6-d.jpg, id=228, 1003.75pt x 602.25pt>
File: figure6-d.jpg Graphic file (type jpg)
 <use figure6-d.jpg>
Package pdftex.def Info: figure6-d.jpg used on input line 562.
(pdftex.def)             Requested size: 182.39722pt x 109.43874pt.

<figure7-a.jpg, id=229, 1003.75pt x 602.25pt>
File: figure7-a.jpg Graphic file (type jpg)
 <use figure7-a.jpg>
Package pdftex.def Info: figure7-a.jpg used on input line 568.
(pdftex.def)             Requested size: 182.39722pt x 109.43874pt.

<figure7-d.jpg, id=230, 1003.75pt x 602.25pt>
File: figure7-d.jpg Graphic file (type jpg)
 <use figure7-d.jpg>
Package pdftex.def Info: figure7-d.jpg used on input line 569.
(pdftex.def)             Requested size: 182.39722pt x 109.43874pt.

<figure7-b.jpg, id=231, 1003.75pt x 602.25pt>
File: figure7-b.jpg Graphic file (type jpg)
 <use figure7-b.jpg>
Package pdftex.def Info: figure7-b.jpg used on input line 573.
(pdftex.def)             Requested size: 182.39722pt x 109.43874pt.

<figure7-c.jpg, id=232, 1003.75pt x 602.25pt>
File: figure7-c.jpg Graphic file (type jpg)
 <use figure7-c.jpg>
Package pdftex.def Info: figure7-c.jpg used on input line 574.
(pdftex.def)             Requested size: 182.39722pt x 109.43874pt.

<figure8-b.jpg, id=234, 1003.75pt x 602.25pt>
File: figure8-b.jpg Graphic file (type jpg)
 <use figure8-b.jpg>
Package pdftex.def Info: figure8-b.jpg used on input line 580.
(pdftex.def)             Requested size: 182.39722pt x 109.43874pt.

<figure8-c.jpg, id=235, 1003.75pt x 602.25pt>
File: figure8-c.jpg Graphic file (type jpg)
 <use figure8-c.jpg>
Package pdftex.def Info: figure8-c.jpg used on input line 581.
(pdftex.def)             Requested size: 182.39722pt x 109.43874pt.

<figure8-d.jpg, id=236, 1003.75pt x 602.25pt>
File: figure8-d.jpg Graphic file (type jpg)
 <use figure8-d.jpg>
Package pdftex.def Info: figure8-d.jpg used on input line 585.
(pdftex.def)             Requested size: 182.39722pt x 109.43874pt.

<figure8-a.jpg, id=237, 1003.75pt x 602.25pt>
File: figure8-a.jpg Graphic file (type jpg)
 <use figure8-a.jpg>
Package pdftex.def Info: figure8-a.jpg used on input line 586.
(pdftex.def)             Requested size: 182.39722pt x 109.43874pt.

<figure9-a.jpg, id=238, 1003.75pt x 602.25pt>
File: figure9-a.jpg Graphic file (type jpg)
 <use figure9-a.jpg>
Package pdftex.def Info: figure9-a.jpg used on input line 592.
(pdftex.def)             Requested size: 182.39722pt x 109.43874pt.

<figure9-b.jpg, id=239, 1003.75pt x 602.25pt>
File: figure9-b.jpg Graphic file (type jpg)
 <use figure9-b.jpg>
Package pdftex.def Info: figure9-b.jpg used on input line 593.
(pdftex.def)             Requested size: 182.39722pt x 109.43874pt.

<figure9-c.jpg, id=240, 1003.75pt x 602.25pt>
File: figure9-c.jpg Graphic file (type jpg)
 <use figure9-c.jpg>
Package pdftex.def Info: figure9-c.jpg used on input line 597.
(pdftex.def)             Requested size: 182.39722pt x 109.43874pt.

<figure9-d.jpg, id=241, 1003.75pt x 602.25pt>
File: figure9-d.jpg Graphic file (type jpg)
 <use figure9-d.jpg>
Package pdftex.def Info: figure9-d.jpg used on input line 598.
(pdftex.def)             Requested size: 182.39722pt x 109.43874pt.
Package atveryend Info: Empty hook `BeforeClearDocument' on input line 602.
 [8pdfTeX warning (ext4): destination with the same identifier (name{figure.5})
 has been already used, duplicate ignored

\AtBegShi@Output ...ipout \box \AtBeginShipoutBox 
                                                  \fi \fi 
l.602 \end{document}
                    pdfTeX warning (ext4): destination with the same identifier
 (name{figure.6}) has been already used, duplicate ignored

\AtBegShi@Output ...ipout \box \AtBeginShipoutBox 
                                                  \fi \fi 
l.602 \end{document}
                     <E:/SCA 2012/SCA 2012 Paper Submission/Paper Draft/egPublS
tyle-SCA2012/egPublStyle-SCA2012/figure5-a.jpg> <E:/SCA 2012/SCA 2012 Paper Sub
mission/Paper Draft/egPublStyle-SCA2012/egPublStyle-SCA2012/figure5-c.jpg> <E:/
SCA 2012/SCA 2012 Paper Submission/Paper Draft/egPublStyle-SCA2012/egPublStyle-
SCA2012/figure5-b.jpg> <E:/SCA 2012/SCA 2012 Paper Submission/Paper Draft/egPub
lStyle-SCA2012/egPublStyle-SCA2012/figure5-d.jpg> <E:/SCA 2012/SCA 2012 Paper S
ubmission/Paper Draft/egPublStyle-SCA2012/egPublStyle-SCA2012/figure6-a.jpg> <E
:/SCA 2012/SCA 2012 Paper Submission/Paper Draft/egPublStyle-SCA2012/egPublStyl
e-SCA2012/figure6-c.jpg> <E:/SCA 2012/SCA 2012 Paper Submission/Paper Draft/egP
ublStyle-SCA2012/egPublStyle-SCA2012/figure6-b.jpg> <E:/SCA 2012/SCA 2012 Paper
 Submission/Paper Draft/egPublStyle-SCA2012/egPublStyle-SCA2012/figure6-d.jpg>]
[9pdfTeX warning (ext4): destination with the same identifier (name{figure.7}) 
has been already used, duplicate ignored

\AtBegShi@Output ...ipout \box \AtBeginShipoutBox 
                                                  \fi \fi 
l.602 \end{document}
                    pdfTeX warning (ext4): destination with the same identifier
 (name{figure.8}) has been already used, duplicate ignored

\AtBegShi@Output ...ipout \box \AtBeginShipoutBox 
                                                  \fi \fi 
l.602 \end{document}
                     <E:/SCA 2012/SCA 2012 Paper Submission/Paper Draft/egPublS
tyle-SCA2012/egPublStyle-SCA2012/figure7-a.jpg> <E:/SCA 2012/SCA 2012 Paper Sub
mission/Paper Draft/egPublStyle-SCA2012/egPublStyle-SCA2012/figure7-d.jpg> <E:/
SCA 2012/SCA 2012 Paper Submission/Paper Draft/egPublStyle-SCA2012/egPublStyle-
SCA2012/figure7-b.jpg> <E:/SCA 2012/SCA 2012 Paper Submission/Paper Draft/egPub
lStyle-SCA2012/egPublStyle-SCA2012/figure7-c.jpg> <E:/SCA 2012/SCA 2012 Paper S
ubmission/Paper Draft/egPublStyle-SCA2012/egPublStyle-SCA2012/figure8-b.jpg> <E
:/SCA 2012/SCA 2012 Paper Submission/Paper Draft/egPublStyle-SCA2012/egPublStyl
e-SCA2012/figure8-c.jpg> <E:/SCA 2012/SCA 2012 Paper Submission/Paper Draft/egP
ublStyle-SCA2012/egPublStyle-SCA2012/figure8-d.jpg> <E:/SCA 2012/SCA 2012 Paper
 Submission/Paper Draft/egPublStyle-SCA2012/egPublStyle-SCA2012/figure8-a.jpg>]
[10pdfTeX warning (ext4): destination with the same identifier (name{figure.9})
 has been already used, duplicate ignored

\AtBegShi@Output ...ipout \box \AtBeginShipoutBox 
                                                  \fi \fi 
l.602 \end{document}
                     <E:/SCA 2012/SCA 2012 Paper Submission/Paper Draft/egPublS
tyle-SCA2012/egPublStyle-SCA2012/figure9-a.jpg> <E:/SCA 2012/SCA 2012 Paper Sub
mission/Paper Draft/egPublStyle-SCA2012/egPublStyle-SCA2012/figure9-b.jpg> <E:/
SCA 2012/SCA 2012 Paper Submission/Paper Draft/egPublStyle-SCA2012/egPublStyle-
SCA2012/figure9-c.jpg> <E:/SCA 2012/SCA 2012 Paper Submission/Paper Draft/egPub
lStyle-SCA2012/egPublStyle-SCA2012/figure9-d.jpg>]
Package atveryend Info: Empty hook `AfterLastShipout' on input line 602.

("E:\SCA 2012\SCA 2012 Paper Submission\Paper Draft\egPublStyle-SCA2012\egPublS
tyle-SCA2012\EGauthorGuidelines-sca2012-fin.aux")
Package atveryend Info: Executing hook `AtVeryEndDocument' on input line 602.
Package atveryend Info: Executing hook `AtEndAfterFileList' on input line 602.
Package rerunfilecheck Info: File `EGauthorGuidelines-sca2012-fin.brf' has not 
changed.
(rerunfilecheck)             Checksum: CA6653C75123BE90E79B92508C7FA2A6;3828.


LaTeX Warning: There were multiply-defined labels.

Package atveryend Info: Empty hook `AtVeryVeryEnd' on input line 602.
 ) ) 
Here is how much of TeX's memory you used:
 6635 strings out of 494045
 98155 string characters out of 3152009
 198212 words of memory out of 3000000
 9725 multiletter control sequences out of 15000+200000
 50598 words of font info for 77 fonts, out of 3000000 for 9000
 715 hyphenation exceptions out of 8191
 32i,12n,30p,388b,413s stack positions out of 5000i,500n,10000p,200000b,50000s
{D:/soft/MiKTeX 2.9/fonts/enc/dvips/fontname/8r.enc}<D:/soft/MiKTeX 2.9/fon
ts/type1/public/amsfonts/cm/cmex10.pfb><D:/soft/MiKTeX 2.9/fonts/type1/public/a
msfonts/cm/cmmi10.pfb><D:/soft/MiKTeX 2.9/fonts/type1/public/amsfonts/cm/cmr10.
pfb><D:/soft/MiKTeX 2.9/fonts/type1/public/amsfonts/cm/cmsy6.pfb><D:/soft/MiKTe
X 2.9/fonts/type1/public/amsfonts/cm/cmsy7.pfb><D:/soft/MiKTeX 2.9/fonts/type1/
public/amsfonts/cm/cmsy9.pfb><D:/soft/MiKTeX 2.9/fonts/type1/urw/courier/ucrr8a
.pfb><D:/soft/MiKTeX 2.9/fonts/type1/urw/symbol/usyr.pfb><D:/soft/MiKTeX 2.9/fo
nts/type1/urw/times/utmb8a.pfb><D:/soft/MiKTeX 2.9/fonts/type1/urw/times/utmr8a
.pfb><D:/soft/MiKTeX 2.9/fonts/type1/urw/times/utmri8a.pfb>
Output written on EGauthorGuidelines-sca2012-fin.pdf (10 pages, 4039179 bytes).

PDF statistics:
 307 PDF objects out of 1000 (max. 8388607)
 60 named destinations out of 1000 (max. 500000)
 131 words of extra memory for PDF output out of 10000 (max. 10000000)

